<?xml version="1.0" encoding="UTF-8"?>
<!-- Generated by org.testng.reporters.JUnitReportReporter -->
<testsuite hostname="hp-ПК" name="ru.st.selenium.TestAddAndDeleteFilm" tests="3" failures="0" timestamp="29 Apr 2015 20:58:10 GMT" time="40.675" errors="0">
  <testcase name="testAddFilmNoCorrectData" time="13.778" classname="ru.st.selenium.TestAddAndDeleteFilm"/>
  <testcase name="testAddFilmCorrectThrowSearch" time="16.187" classname="ru.st.selenium.TestAddAndDeleteFilm"/>
  <testcase name="testDeleteFilm" time="10.710" classname="ru.st.selenium.TestAddAndDeleteFilm"/>
</testsuite> <!-- ru.st.selenium.TestAddAndDeleteFilm -->
